{"uid":"551d58be72c06a9","name":"validate_full_acceptance_criteria","fullName":"org.interview.WebSiteTest_e2e.validate_full_acceptance_criteria","historyId":"d1c669765c17693112e55493a3b6d9f1","time":{"start":1667231659725,"stop":1667231737525,"duration":77800},"description":"e2e flow should be successful","descriptionHtml":"<p>e2e flow should be successful</p>\n","status":"broken","statusMessage":"element click intercepted: Element <a href=\"https://cms.demo.katalon.com/cart/?undo_item=2838023a778dfaecdc212708f721b788&amp;_wpnonce=48d78ff6f0\" class=\"restore-item\">...</a> is not clickable at point (439, 137). Other element would receive the click: <ul aria-expanded=\"false\" class=\" nav-menu\">...</ul>\n  (Session info: chrome=107.0.5304.62)\nBuild info: version: '4.0.0-beta-3', revision: '5d108f9a67'\nSystem info: host: 'Costinas-MacBook-Pro.local', ip: 'fe80:0:0:0:1c4f:9a0d:8bf0:55c6%en0', os.name: 'Mac OS X', os.arch: 'x86_64', os.version: '10.16', java.version: '14.0.2'\nDriver info: org.openqa.selenium.chrome.ChromeDriver\nCommand: [6811960d5d681d0fb383276c0190cf20, clickElement {id=13771c0c-0169-4aee-b7af-af445f3bf108}]\nCapabilities {acceptInsecureCerts: false, browserName: chrome, browserVersion: 107.0.5304.62, chrome: {chromedriverVersion: 106.0.5249.61 (511755355844..., userDataDir: /var/folders/0h/bhdr38wj6ql...}, goog:chromeOptions: {debuggerAddress: localhost:57688}, javascriptEnabled: true, networkConnectionEnabled: false, pageLoadStrategy: normal, platform: MAC, platformName: MAC, proxy: Proxy(), se:cdp: ws://localhost:57688/devtoo..., se:cdpVersion: 107.0.5304.62, setWindowRect: true, strictFileInteractability: false, timeouts: {implicit: 0, pageLoad: 300000, script: 30000}, unhandledPromptBehavior: dismiss and notify, webauthn:extension:credBlob: true, webauthn:extension:largeBlob: true, webauthn:virtualAuthenticators: true}\nElement: [[ChromeDriver: chrome on MAC (6811960d5d681d0fb383276c0190cf20)] -> xpath: //div[@class='woocommerce-message']/a[@class='restore-item']]\nSession ID: 6811960d5d681d0fb383276c0190cf20","statusTrace":"org.openqa.selenium.ElementClickInterceptedException: element click intercepted: Element <a href=\"https://cms.demo.katalon.com/cart/?undo_item=2838023a778dfaecdc212708f721b788&amp;_wpnonce=48d78ff6f0\" class=\"restore-item\">...</a> is not clickable at point (439, 137). Other element would receive the click: <ul aria-expanded=\"false\" class=\" nav-menu\">...</ul>\n  (Session info: chrome=107.0.5304.62)\nBuild info: version: '4.0.0-beta-3', revision: '5d108f9a67'\nSystem info: host: 'Costinas-MacBook-Pro.local', ip: 'fe80:0:0:0:1c4f:9a0d:8bf0:55c6%en0', os.name: 'Mac OS X', os.arch: 'x86_64', os.version: '10.16', java.version: '14.0.2'\nDriver info: org.openqa.selenium.chrome.ChromeDriver\nCommand: [6811960d5d681d0fb383276c0190cf20, clickElement {id=13771c0c-0169-4aee-b7af-af445f3bf108}]\nCapabilities {acceptInsecureCerts: false, browserName: chrome, browserVersion: 107.0.5304.62, chrome: {chromedriverVersion: 106.0.5249.61 (511755355844..., userDataDir: /var/folders/0h/bhdr38wj6ql...}, goog:chromeOptions: {debuggerAddress: localhost:57688}, javascriptEnabled: true, networkConnectionEnabled: false, pageLoadStrategy: normal, platform: MAC, platformName: MAC, proxy: Proxy(), se:cdp: ws://localhost:57688/devtoo..., se:cdpVersion: 107.0.5304.62, setWindowRect: true, strictFileInteractability: false, timeouts: {implicit: 0, pageLoad: 300000, script: 30000}, unhandledPromptBehavior: dismiss and notify, webauthn:extension:credBlob: true, webauthn:extension:largeBlob: true, webauthn:virtualAuthenticators: true}\nElement: [[ChromeDriver: chrome on MAC (6811960d5d681d0fb383276c0190cf20)] -> xpath: //div[@class='woocommerce-message']/a[@class='restore-item']]\nSession ID: 6811960d5d681d0fb383276c0190cf20\n\tat java.base/jdk.internal.reflect.NativeConstructorAccessorImpl.newInstance0(Native Method)\n\tat java.base/jdk.internal.reflect.NativeConstructorAccessorImpl.newInstance(NativeConstructorAccessorImpl.java:62)\n\tat java.base/jdk.internal.reflect.DelegatingConstructorAccessorImpl.newInstance(DelegatingConstructorAccessorImpl.java:45)\n\tat java.base/java.lang.reflect.Constructor.newInstanceWithCaller(Constructor.java:500)\n\tat java.base/java.lang.reflect.Constructor.newInstance(Constructor.java:481)\n\tat org.openqa.selenium.remote.codec.w3c.W3CHttpResponseCodec.createException(W3CHttpResponseCodec.java:198)\n\tat org.openqa.selenium.remote.codec.w3c.W3CHttpResponseCodec.decode(W3CHttpResponseCodec.java:131)\n\tat org.openqa.selenium.remote.codec.w3c.W3CHttpResponseCodec.decode(W3CHttpResponseCodec.java:52)\n\tat org.openqa.selenium.remote.HttpCommandExecutor.execute(HttpCommandExecutor.java:184)\n\tat org.openqa.selenium.remote.service.DriverCommandExecutor.invokeExecute(DriverCommandExecutor.java:153)\n\tat org.openqa.selenium.remote.service.DriverCommandExecutor.execute(DriverCommandExecutor.java:128)\n\tat org.openqa.selenium.remote.RemoteWebDriver.execute(RemoteWebDriver.java:619)\n\tat org.openqa.selenium.remote.RemoteWebElement.execute(RemoteWebElement.java:237)\n\tat org.openqa.selenium.remote.RemoteWebElement.click(RemoteWebElement.java:75)\n\tat org.interview.pageobjects.CartPage.productsInCart(CartPage.java:34)\n\tat org.interview.WebSiteTest_e2e.validate_full_acceptance_criteria(WebSiteTest_e2e.java:41)\n\tat java.base/jdk.internal.reflect.NativeMethodAccessorImpl.invoke0(Native Method)\n\tat java.base/jdk.internal.reflect.NativeMethodAccessorImpl.invoke(NativeMethodAccessorImpl.java:62)\n\tat java.base/jdk.internal.reflect.DelegatingMethodAccessorImpl.invoke(DelegatingMethodAccessorImpl.java:43)\n\tat java.base/java.lang.reflect.Method.invoke(Method.java:564)\n\tat org.testng.internal.MethodInvocationHelper.invokeMethod(MethodInvocationHelper.java:133)\n\tat org.testng.internal.TestInvoker.invokeMethod(TestInvoker.java:598)\n\tat org.testng.internal.TestInvoker.invokeTestMethod(TestInvoker.java:173)\n\tat org.testng.internal.MethodRunner.runInSequence(MethodRunner.java:46)\n\tat org.testng.internal.TestInvoker$MethodInvocationAgent.invoke(TestInvoker.java:824)\n\tat org.testng.internal.TestInvoker.invokeTestMethods(TestInvoker.java:146)\n\tat org.testng.internal.TestMethodWorker.invokeTestMethods(TestMethodWorker.java:146)\n\tat org.testng.internal.TestMethodWorker.run(TestMethodWorker.java:128)\n\tat java.base/java.util.ArrayList.forEach(ArrayList.java:1511)\n\tat org.testng.TestRunner.privateRun(TestRunner.java:794)\n\tat org.testng.TestRunner.run(TestRunner.java:596)\n\tat org.testng.SuiteRunner.runTest(SuiteRunner.java:377)\n\tat org.testng.SuiteRunner.runSequentially(SuiteRunner.java:371)\n\tat org.testng.SuiteRunner.privateRun(SuiteRunner.java:332)\n\tat org.testng.SuiteRunner.run(SuiteRunner.java:276)\n\tat org.testng.SuiteRunnerWorker.runSuite(SuiteRunnerWorker.java:53)\n\tat org.testng.SuiteRunnerWorker.run(SuiteRunnerWorker.java:96)\n\tat org.testng.TestNG.runSuitesSequentially(TestNG.java:1212)\n\tat org.testng.TestNG.runSuitesLocally(TestNG.java:1134)\n\tat org.testng.TestNG.runSuites(TestNG.java:1063)\n\tat org.testng.TestNG.run(TestNG.java:1031)\n\tat com.intellij.rt.testng.IDEARemoteTestNG.run(IDEARemoteTestNG.java:66)\n\tat com.intellij.rt.testng.RemoteTestNGStarter.main(RemoteTestNGStarter.java:109)\n","flaky":false,"newFailed":false,"newBroken":false,"newPassed":false,"retriesCount":0,"retriesStatusChange":false,"beforeStages":[{"name":"classSetup","time":{"start":1667231651903,"stop":1667231659719,"duration":7816},"description":"","status":"passed","steps":[],"attachments":[],"parameters":[],"stepsCount":0,"attachmentsCount":0,"shouldDisplayMessage":false,"hasContent":false}],"testStage":{"description":"e2e flow should be successful","status":"broken","statusMessage":"element click intercepted: Element <a href=\"https://cms.demo.katalon.com/cart/?undo_item=2838023a778dfaecdc212708f721b788&amp;_wpnonce=48d78ff6f0\" class=\"restore-item\">...</a> is not clickable at point (439, 137). Other element would receive the click: <ul aria-expanded=\"false\" class=\" nav-menu\">...</ul>\n  (Session info: chrome=107.0.5304.62)\nBuild info: version: '4.0.0-beta-3', revision: '5d108f9a67'\nSystem info: host: 'Costinas-MacBook-Pro.local', ip: 'fe80:0:0:0:1c4f:9a0d:8bf0:55c6%en0', os.name: 'Mac OS X', os.arch: 'x86_64', os.version: '10.16', java.version: '14.0.2'\nDriver info: org.openqa.selenium.chrome.ChromeDriver\nCommand: [6811960d5d681d0fb383276c0190cf20, clickElement {id=13771c0c-0169-4aee-b7af-af445f3bf108}]\nCapabilities {acceptInsecureCerts: false, browserName: chrome, browserVersion: 107.0.5304.62, chrome: {chromedriverVersion: 106.0.5249.61 (511755355844..., userDataDir: /var/folders/0h/bhdr38wj6ql...}, goog:chromeOptions: {debuggerAddress: localhost:57688}, javascriptEnabled: true, networkConnectionEnabled: false, pageLoadStrategy: normal, platform: MAC, platformName: MAC, proxy: Proxy(), se:cdp: ws://localhost:57688/devtoo..., se:cdpVersion: 107.0.5304.62, setWindowRect: true, strictFileInteractability: false, timeouts: {implicit: 0, pageLoad: 300000, script: 30000}, unhandledPromptBehavior: dismiss and notify, webauthn:extension:credBlob: true, webauthn:extension:largeBlob: true, webauthn:virtualAuthenticators: true}\nElement: [[ChromeDriver: chrome on MAC (6811960d5d681d0fb383276c0190cf20)] -> xpath: //div[@class='woocommerce-message']/a[@class='restore-item']]\nSession ID: 6811960d5d681d0fb383276c0190cf20","statusTrace":"org.openqa.selenium.ElementClickInterceptedException: element click intercepted: Element <a href=\"https://cms.demo.katalon.com/cart/?undo_item=2838023a778dfaecdc212708f721b788&amp;_wpnonce=48d78ff6f0\" class=\"restore-item\">...</a> is not clickable at point (439, 137). Other element would receive the click: <ul aria-expanded=\"false\" class=\" nav-menu\">...</ul>\n  (Session info: chrome=107.0.5304.62)\nBuild info: version: '4.0.0-beta-3', revision: '5d108f9a67'\nSystem info: host: 'Costinas-MacBook-Pro.local', ip: 'fe80:0:0:0:1c4f:9a0d:8bf0:55c6%en0', os.name: 'Mac OS X', os.arch: 'x86_64', os.version: '10.16', java.version: '14.0.2'\nDriver info: org.openqa.selenium.chrome.ChromeDriver\nCommand: [6811960d5d681d0fb383276c0190cf20, clickElement {id=13771c0c-0169-4aee-b7af-af445f3bf108}]\nCapabilities {acceptInsecureCerts: false, browserName: chrome, browserVersion: 107.0.5304.62, chrome: {chromedriverVersion: 106.0.5249.61 (511755355844..., userDataDir: /var/folders/0h/bhdr38wj6ql...}, goog:chromeOptions: {debuggerAddress: localhost:57688}, javascriptEnabled: true, networkConnectionEnabled: false, pageLoadStrategy: normal, platform: MAC, platformName: MAC, proxy: Proxy(), se:cdp: ws://localhost:57688/devtoo..., se:cdpVersion: 107.0.5304.62, setWindowRect: true, strictFileInteractability: false, timeouts: {implicit: 0, pageLoad: 300000, script: 30000}, unhandledPromptBehavior: dismiss and notify, webauthn:extension:credBlob: true, webauthn:extension:largeBlob: true, webauthn:virtualAuthenticators: true}\nElement: [[ChromeDriver: chrome on MAC (6811960d5d681d0fb383276c0190cf20)] -> xpath: //div[@class='woocommerce-message']/a[@class='restore-item']]\nSession ID: 6811960d5d681d0fb383276c0190cf20\n\tat java.base/jdk.internal.reflect.NativeConstructorAccessorImpl.newInstance0(Native Method)\n\tat java.base/jdk.internal.reflect.NativeConstructorAccessorImpl.newInstance(NativeConstructorAccessorImpl.java:62)\n\tat java.base/jdk.internal.reflect.DelegatingConstructorAccessorImpl.newInstance(DelegatingConstructorAccessorImpl.java:45)\n\tat java.base/java.lang.reflect.Constructor.newInstanceWithCaller(Constructor.java:500)\n\tat java.base/java.lang.reflect.Constructor.newInstance(Constructor.java:481)\n\tat org.openqa.selenium.remote.codec.w3c.W3CHttpResponseCodec.createException(W3CHttpResponseCodec.java:198)\n\tat org.openqa.selenium.remote.codec.w3c.W3CHttpResponseCodec.decode(W3CHttpResponseCodec.java:131)\n\tat org.openqa.selenium.remote.codec.w3c.W3CHttpResponseCodec.decode(W3CHttpResponseCodec.java:52)\n\tat org.openqa.selenium.remote.HttpCommandExecutor.execute(HttpCommandExecutor.java:184)\n\tat org.openqa.selenium.remote.service.DriverCommandExecutor.invokeExecute(DriverCommandExecutor.java:153)\n\tat org.openqa.selenium.remote.service.DriverCommandExecutor.execute(DriverCommandExecutor.java:128)\n\tat org.openqa.selenium.remote.RemoteWebDriver.execute(RemoteWebDriver.java:619)\n\tat org.openqa.selenium.remote.RemoteWebElement.execute(RemoteWebElement.java:237)\n\tat org.openqa.selenium.remote.RemoteWebElement.click(RemoteWebElement.java:75)\n\tat org.interview.pageobjects.CartPage.productsInCart(CartPage.java:34)\n\tat org.interview.WebSiteTest_e2e.validate_full_acceptance_criteria(WebSiteTest_e2e.java:41)\n\tat java.base/jdk.internal.reflect.NativeMethodAccessorImpl.invoke0(Native Method)\n\tat java.base/jdk.internal.reflect.NativeMethodAccessorImpl.invoke(NativeMethodAccessorImpl.java:62)\n\tat java.base/jdk.internal.reflect.DelegatingMethodAccessorImpl.invoke(DelegatingMethodAccessorImpl.java:43)\n\tat java.base/java.lang.reflect.Method.invoke(Method.java:564)\n\tat org.testng.internal.MethodInvocationHelper.invokeMethod(MethodInvocationHelper.java:133)\n\tat org.testng.internal.TestInvoker.invokeMethod(TestInvoker.java:598)\n\tat org.testng.internal.TestInvoker.invokeTestMethod(TestInvoker.java:173)\n\tat org.testng.internal.MethodRunner.runInSequence(MethodRunner.java:46)\n\tat org.testng.internal.TestInvoker$MethodInvocationAgent.invoke(TestInvoker.java:824)\n\tat org.testng.internal.TestInvoker.invokeTestMethods(TestInvoker.java:146)\n\tat org.testng.internal.TestMethodWorker.invokeTestMethods(TestMethodWorker.java:146)\n\tat org.testng.internal.TestMethodWorker.run(TestMethodWorker.java:128)\n\tat java.base/java.util.ArrayList.forEach(ArrayList.java:1511)\n\tat org.testng.TestRunner.privateRun(TestRunner.java:794)\n\tat org.testng.TestRunner.run(TestRunner.java:596)\n\tat org.testng.SuiteRunner.runTest(SuiteRunner.java:377)\n\tat org.testng.SuiteRunner.runSequentially(SuiteRunner.java:371)\n\tat org.testng.SuiteRunner.privateRun(SuiteRunner.java:332)\n\tat org.testng.SuiteRunner.run(SuiteRunner.java:276)\n\tat org.testng.SuiteRunnerWorker.runSuite(SuiteRunnerWorker.java:53)\n\tat org.testng.SuiteRunnerWorker.run(SuiteRunnerWorker.java:96)\n\tat org.testng.TestNG.runSuitesSequentially(TestNG.java:1212)\n\tat org.testng.TestNG.runSuitesLocally(TestNG.java:1134)\n\tat org.testng.TestNG.runSuites(TestNG.java:1063)\n\tat org.testng.TestNG.run(TestNG.java:1031)\n\tat com.intellij.rt.testng.IDEARemoteTestNG.run(IDEARemoteTestNG.java:66)\n\tat com.intellij.rt.testng.RemoteTestNGStarter.main(RemoteTestNGStarter.java:109)\n","steps":[{"name":"Add 4 random items in the cart...","time":{"start":1667231659725,"stop":1667231661945,"duration":2220},"status":"passed","steps":[],"attachments":[],"parameters":[],"stepsCount":0,"attachmentsCount":0,"shouldDisplayMessage":false,"hasContent":false},{"name":"Check how many products are in the cart...","time":{"start":1667231684556,"stop":1667231737522,"duration":52966},"status":"broken","statusMessage":"element click intercepted: Element <a href=\"https://cms.demo.katalon.com/cart/?undo_item=2838023a778dfaecdc212708f721b788&amp;_wpnonce=48d78ff6f0\" class=\"restore-item\">...</a> is not clickable at point (439, 137). Other element would receive the click: <ul aria-expanded=\"false\" class=\" nav-menu\">...</ul>\n  (Session info: chrome=107.0.5304.62)\nBuild info: version: '4.0.0-beta-3', revision: '5d108f9a67'\nSystem info: host: 'Costinas-MacBook-Pro.local', ip: 'fe80:0:0:0:1c4f:9a0d:8bf0:55c6%en0', os.name: 'Mac OS X', os.arch: 'x86_64', os.version: '10.16', java.version: '14.0.2'\nDriver info: org.openqa.selenium.chrome.ChromeDriver\nCommand: [6811960d5d681d0fb383276c0190cf20, clickElement {id=13771c0c-0169-4aee-b7af-af445f3bf108}]\nCapabilities {acceptInsecureCerts: false, browserName: chrome, browserVersion: 107.0.5304.62, chrome: {chromedriverVersion: 106.0.5249.61 (511755355844..., userDataDir: /var/folders/0h/bhdr38wj6ql...}, goog:chromeOptions: {debuggerAddress: localhost:57688}, javascriptEnabled: true, networkConnectionEnabled: false, pageLoadStrategy: normal, platform: MAC, platformName: MAC, proxy: Proxy(), se:cdp: ws://localhost:57688/devtoo..., se:cdpVersion: 107.0.5304.62, setWindowRect: true, strictFileInteractability: false, timeouts: {implicit: 0, pageLoad: 300000, script: 30000}, unhandledPromptBehavior: dismiss and notify, webauthn:extension:credBlob: true, webauthn:extension:largeBlob: true, webauthn:virtualAuthenticators: true}\nElement: [[ChromeDriver: chrome on MAC (6811960d5d681d0fb383276c0190cf20)] -> xpath: //div[@class='woocommerce-message']/a[@class='restore-item']]\nSession ID: 6811960d5d681d0fb383276c0190cf20","statusTrace":"org.openqa.selenium.ElementClickInterceptedException: element click intercepted: Element <a href=\"https://cms.demo.katalon.com/cart/?undo_item=2838023a778dfaecdc212708f721b788&amp;_wpnonce=48d78ff6f0\" class=\"restore-item\">...</a> is not clickable at point (439, 137). Other element would receive the click: <ul aria-expanded=\"false\" class=\" nav-menu\">...</ul>\n  (Session info: chrome=107.0.5304.62)\nBuild info: version: '4.0.0-beta-3', revision: '5d108f9a67'\nSystem info: host: 'Costinas-MacBook-Pro.local', ip: 'fe80:0:0:0:1c4f:9a0d:8bf0:55c6%en0', os.name: 'Mac OS X', os.arch: 'x86_64', os.version: '10.16', java.version: '14.0.2'\nDriver info: org.openqa.selenium.chrome.ChromeDriver\nCommand: [6811960d5d681d0fb383276c0190cf20, clickElement {id=13771c0c-0169-4aee-b7af-af445f3bf108}]\nCapabilities {acceptInsecureCerts: false, browserName: chrome, browserVersion: 107.0.5304.62, chrome: {chromedriverVersion: 106.0.5249.61 (511755355844..., userDataDir: /var/folders/0h/bhdr38wj6ql...}, goog:chromeOptions: {debuggerAddress: localhost:57688}, javascriptEnabled: true, networkConnectionEnabled: false, pageLoadStrategy: normal, platform: MAC, platformName: MAC, proxy: Proxy(), se:cdp: ws://localhost:57688/devtoo..., se:cdpVersion: 107.0.5304.62, setWindowRect: true, strictFileInteractability: false, timeouts: {implicit: 0, pageLoad: 300000, script: 30000}, unhandledPromptBehavior: dismiss and notify, webauthn:extension:credBlob: true, webauthn:extension:largeBlob: true, webauthn:virtualAuthenticators: true}\nElement: [[ChromeDriver: chrome on MAC (6811960d5d681d0fb383276c0190cf20)] -> xpath: //div[@class='woocommerce-message']/a[@class='restore-item']]\nSession ID: 6811960d5d681d0fb383276c0190cf20\n\tat java.base/jdk.internal.reflect.NativeConstructorAccessorImpl.newInstance0(Native Method)\n\tat java.base/jdk.internal.reflect.NativeConstructorAccessorImpl.newInstance(NativeConstructorAccessorImpl.java:62)\n\tat java.base/jdk.internal.reflect.DelegatingConstructorAccessorImpl.newInstance(DelegatingConstructorAccessorImpl.java:45)\n\tat java.base/java.lang.reflect.Constructor.newInstanceWithCaller(Constructor.java:500)\n\tat java.base/java.lang.reflect.Constructor.newInstance(Constructor.java:481)\n\tat org.openqa.selenium.remote.codec.w3c.W3CHttpResponseCodec.createException(W3CHttpResponseCodec.java:198)\n\tat org.openqa.selenium.remote.codec.w3c.W3CHttpResponseCodec.decode(W3CHttpResponseCodec.java:131)\n\tat org.openqa.selenium.remote.codec.w3c.W3CHttpResponseCodec.decode(W3CHttpResponseCodec.java:52)\n\tat org.openqa.selenium.remote.HttpCommandExecutor.execute(HttpCommandExecutor.java:184)\n\tat org.openqa.selenium.remote.service.DriverCommandExecutor.invokeExecute(DriverCommandExecutor.java:153)\n\tat org.openqa.selenium.remote.service.DriverCommandExecutor.execute(DriverCommandExecutor.java:128)\n\tat org.openqa.selenium.remote.RemoteWebDriver.execute(RemoteWebDriver.java:619)\n\tat org.openqa.selenium.remote.RemoteWebElement.execute(RemoteWebElement.java:237)\n\tat org.openqa.selenium.remote.RemoteWebElement.click(RemoteWebElement.java:75)\n\tat org.interview.pageobjects.CartPage.productsInCart(CartPage.java:34)\n\tat org.interview.WebSiteTest_e2e.validate_full_acceptance_criteria(WebSiteTest_e2e.java:41)\n\tat java.base/jdk.internal.reflect.NativeMethodAccessorImpl.invoke0(Native Method)\n\tat java.base/jdk.internal.reflect.NativeMethodAccessorImpl.invoke(NativeMethodAccessorImpl.java:62)\n\tat java.base/jdk.internal.reflect.DelegatingMethodAccessorImpl.invoke(DelegatingMethodAccessorImpl.java:43)\n\tat java.base/java.lang.reflect.Method.invoke(Method.java:564)\n\tat org.testng.internal.MethodInvocationHelper.invokeMethod(MethodInvocationHelper.java:133)\n\tat org.testng.internal.TestInvoker.invokeMethod(TestInvoker.java:598)\n\tat org.testng.internal.TestInvoker.invokeTestMethod(TestInvoker.java:173)\n\tat org.testng.internal.MethodRunner.runInSequence(MethodRunner.java:46)\n\tat org.testng.internal.TestInvoker$MethodInvocationAgent.invoke(TestInvoker.java:824)\n\tat org.testng.internal.TestInvoker.invokeTestMethods(TestInvoker.java:146)\n\tat org.testng.internal.TestMethodWorker.invokeTestMethods(TestMethodWorker.java:146)\n\tat org.testng.internal.TestMethodWorker.run(TestMethodWorker.java:128)\n\tat java.base/java.util.ArrayList.forEach(ArrayList.java:1511)\n\tat org.testng.TestRunner.privateRun(TestRunner.java:794)\n\tat org.testng.TestRunner.run(TestRunner.java:596)\n\tat org.testng.SuiteRunner.runTest(SuiteRunner.java:377)\n\tat org.testng.SuiteRunner.runSequentially(SuiteRunner.java:371)\n\tat org.testng.SuiteRunner.privateRun(SuiteRunner.java:332)\n\tat org.testng.SuiteRunner.run(SuiteRunner.java:276)\n\tat org.testng.SuiteRunnerWorker.runSuite(SuiteRunnerWorker.java:53)\n\tat org.testng.SuiteRunnerWorker.run(SuiteRunnerWorker.java:96)\n\tat org.testng.TestNG.runSuitesSequentially(TestNG.java:1212)\n\tat org.testng.TestNG.runSuitesLocally(TestNG.java:1134)\n\tat org.testng.TestNG.runSuites(TestNG.java:1063)\n\tat org.testng.TestNG.run(TestNG.java:1031)\n\tat com.intellij.rt.testng.IDEARemoteTestNG.run(IDEARemoteTestNG.java:66)\n\tat com.intellij.rt.testng.RemoteTestNGStarter.main(RemoteTestNGStarter.java:109)\n","steps":[],"attachments":[],"parameters":[],"stepsCount":0,"attachmentsCount":0,"shouldDisplayMessage":true,"hasContent":true}],"attachments":[],"parameters":[],"stepsCount":2,"attachmentsCount":0,"shouldDisplayMessage":false,"hasContent":true},"afterStages":[{"name":"closeDriver","time":{"start":1667231737535,"stop":1667231737677,"duration":142},"description":"","status":"passed","steps":[],"attachments":[],"parameters":[],"stepsCount":0,"attachmentsCount":0,"shouldDisplayMessage":false,"hasContent":false},{"name":"teardown","time":{"start":1667231737680,"stop":1667231737764,"duration":84},"description":"","status":"passed","steps":[],"attachments":[],"parameters":[],"stepsCount":0,"attachmentsCount":0,"shouldDisplayMessage":false,"hasContent":false}],"labels":[{"name":"package","value":"org.interview.WebSiteTest_e2e"},{"name":"testClass","value":"org.interview.WebSiteTest_e2e"},{"name":"testMethod","value":"validate_full_acceptance_criteria"},{"name":"parentSuite","value":"Default Suite"},{"name":"suite","value":"Qualitest_interview"},{"name":"subSuite","value":"org.interview.WebSiteTest_e2e"},{"name":"host","value":"Costinas-MacBook-Pro.local"},{"name":"thread","value":"43340@Costinas-MacBook-Pro.local.main(1)"},{"name":"framework","value":"testng"},{"name":"language","value":"java"},{"name":"feature","value":"Homework"},{"name":"epic","value":"Katalon tests"},{"name":"severity","value":"critical"},{"name":"resultFormat","value":"allure2"}],"parameters":[],"links":[],"hidden":true,"retry":true,"extra":{"categories":[],"tags":[]},"source":"551d58be72c06a9.json","parameterValues":[]}